[    0.000000] Initializing cgroup subsys cpuset
[    0.000000] Initializing cgroup subsys cpu
[    0.000000] Initializing cgroup subsys cpuacct
[    0.000000] Linux version 4.4.0-64-generic (buildd@lgw01-56) (gcc version 5.4.0 20160609 (Ubuntu 5.4.0-6ubuntu1~16.04.4) ) #85-Ubuntu SMP Mon Feb 20 11:50:30 UTC 2017 (Ubuntu 4.4.0-64.85-generic 4.4.44)
[    0.000000] Command line: BOOT_IMAGE=/boot/vmlinuz-4.4.0-64-generic root=LABEL=cloudimg-rootfs ro console=tty1 console=ttyS0
[    0.000000] KERNEL supported cpus:
[    0.000000]   Intel GenuineIntel
[    0.000000]   AMD AuthenticAMD
[    0.000000]   Centaur CentaurHauls
[    0.000000] ------------[ cut here ]------------
[    0.000000] WARNING: CPU: 0 PID: 0 at /build/linux-1hW8mg/linux-4.4.0/arch/x86/kernel/fpu/xstate.c:517 fpu__init_system_xstate+0x38b/0x75a()
[    0.000000] XSAVE consistency problem, dumping leaves
[    0.000000] Modules linked in:
[    0.000000] CPU: 0 PID: 0 Comm: swapper Not tainted 4.4.0-64-generic #85-Ubuntu
[    0.000000]  0000000000000086 7d5008a88e575727 ffffffff81e03d80 ffffffff813f8083
[    0.000000]  ffffffff81e03dc8 ffffffff81ca9510 ffffffff81e03db8 ffffffff810812d2
[    0.000000]  ffffffff81e03e48 ffffffff81e03e4c 0000000000000008 0000000000000100
[    0.000000] Call Trace:
[    0.000000]  [<ffffffff813f8083>] dump_stack+0x63/0x90
[    0.000000]  [<ffffffff810812d2>] warn_slowpath_common+0x82/0xc0
[    0.000000]  [<ffffffff8108136c>] warn_slowpath_fmt+0x5c/0x80
[    0.000000]  [<ffffffff8107cfa0>] ? xfeature_size+0x59/0x77
[    0.000000]  [<ffffffff81f6dee4>] fpu__init_system_xstate+0x38b/0x75a
[    0.000000]  [<ffffffff81f5d120>] ? early_idt_handler_array+0x120/0x120
[    0.000000]  [<ffffffff81f6d84f>] fpu__init_system+0x10d/0x245
[    0.000000]  [<ffffffff81f6e958>] early_cpu_init+0x139/0x13e
[    0.000000]  [<ffffffff81f6e958>] ? early_cpu_init+0x139/0x13e
[    0.000000]  [<ffffffff81f69e32>] setup_arch+0xb4/0xd1e
[    0.000000]  [<ffffffff81f5d120>] ? early_idt_handler_array+0x120/0x120
[    0.000000]  [<ffffffff81f5dc74>] start_kernel+0xe4/0x4a2
[    0.000000]  [<ffffffff81f5d120>] ? early_idt_handler_array+0x120/0x120
[    0.000000]  [<ffffffff81f5d339>] x86_64_start_reservations+0x2a/0x2c
[    0.000000]  [<ffffffff81f5d485>] x86_64_start_kernel+0x14a/0x16d
[    0.000000] ---[ end trace 4d5ff9f2f68c4233 ]---
[    0.000000] CPUID[0d, 00]: eax=00000007 ebx=00000440 ecx=00000440 edx=00000000
[    0.000000] CPUID[0d, 01]: eax=00000000 ebx=000003c0 ecx=00000000 edx=00000000
[    0.000000] CPUID[0d, 02]: eax=00000100 ebx=00000240 ecx=00000000 edx=00000000
[    0.000000] CPUID[0d, 03]: eax=00000000 ebx=00000000 ecx=00000000 edx=00000000
[    0.000000] CPUID[0d, 04]: eax=00000000 ebx=00000000 ecx=00000000 edx=00000000
[    0.000000] CPUID[0d, 05]: eax=00000000 ebx=00000000 ecx=00000000 edx=00000000
[    0.000000] CPUID[0d, 06]: eax=00000000 ebx=00000000 ecx=00000000 edx=00000000
[    0.000000] CPUID[0d, 07]: eax=00000000 ebx=00000000 ecx=00000000 edx=00000000
[    0.000000] CPUID[0d, 08]: eax=00000000 ebx=00000000 ecx=00000000 edx=00000000
[    0.000000] CPUID[0d, 09]: eax=00000000 ebx=00000000 ecx=00000000 edx=00000000
[    0.000000] CPUID[0d, 0a]: eax=00000000 ebx=00000000 ecx=00000000 edx=00000000
[    0.000000] CPUID[0d, 0b]: eax=00000000 ebx=00000000 ecx=00000000 edx=00000000
[    0.000000] CPUID[0d, 0c]: eax=00000000 ebx=00000000 ecx=00000000 edx=00000000
[    0.000000] CPUID[0d, 0d]: eax=00000000 ebx=00000000 ecx=00000000 edx=00000000
[    0.000000] CPUID[0d, 0e]: eax=00000000 ebx=00000000 ecx=00000000 edx=00000000
[    0.000000] CPUID[0d, 0f]: eax=00000000 ebx=00000000 ecx=00000000 edx=00000000
[    0.000000] CPUID[0d, 10]: eax=00000000 ebx=00000000 ecx=00000000 edx=00000000
[    0.000000] CPUID[0d, 11]: eax=00000000 ebx=00000000 ecx=00000000 edx=00000000
[    0.000000] x86/fpu: xstate_offset[2]:  576, xstate_sizes[2]:  256
[    0.000000] x86/fpu: Supporting XSAVE feature 0x01: 'x87 floating point registers'
[    0.000000] x86/fpu: Supporting XSAVE feature 0x02: 'SSE registers'
[    0.000000] x86/fpu: Supporting XSAVE feature 0x04: 'AVX registers'
[    0.000000] x86/fpu: Enabled xstate features 0x7, context size is 1088 bytes, using 'standard' format.
[    0.000000] x86/fpu: Using 'lazy' FPU context switches.
[    0.000000] e820: BIOS-provided physical RAM map:
[    0.000000] BIOS-e820: [mem 0x0000000000000000-0x000000000009fbff] usable
[    0.000000] BIOS-e820: [mem 0x000000000009fc00-0x000000000009ffff] reserved
[    0.000000] BIOS-e820: [mem 0x00000000000f0000-0x00000000000fffff] reserved
[    0.000000] BIOS-e820: [mem 0x0000000000100000-0x000000007ffeffff] usable
[    0.000000] BIOS-e820: [mem 0x000000007fff0000-0x000000007fffffff] ACPI data
[    0.000000] BIOS-e820: [mem 0x00000000fec00000-0x00000000fec00fff] reserved
[    0.000000] BIOS-e820: [mem 0x00000000fee00000-0x00000000fee00fff] reserved
[    0.000000] BIOS-e820: [mem 0x00000000fffc0000-0x00000000ffffffff] reserved
[    0.000000] NX (Execute Disable) protection: active
[    0.000000] SMBIOS 2.5 present.
[    0.000000] Hypervisor detected: KVM
[    0.000000] e820: last_pfn = 0x7fff0 max_arch_pfn = 0x400000000
[    0.000000] MTRR: Disabled
[    0.000000] x86/PAT: MTRRs disabled, skipping PAT initialization too.
[    0.000000] x86/PAT: Configuration [0-7]: WB  WT  UC- UC  WB  WT  UC- UC  
[    0.000000] CPU MTRRs all blank - virtualized system.
[    0.000000] found SMP MP-table at [mem 0x0009fff0-0x0009ffff] mapped at [ffff88000009fff0]
[    0.000000] Scanning 1 areas for low memory corruption
[    0.000000] RAMDISK: [mem 0x36ac4000-0x37559fff]
[    0.000000] ACPI: Early table checksum verification disabled
[    0.000000] ACPI: RSDP 0x00000000000E0000 000024 (v02 VBOX  )
[    0.000000] ACPI: XSDT 0x000000007FFF0030 00003C (v01 VBOX   VBOXXSDT 00000001 ASL  00000061)
[    0.000000] ACPI: FACP 0x000000007FFF00F0 0000F4 (v04 VBOX   VBOXFACP 00000001 ASL  00000061)
[    0.000000] ACPI: DSDT 0x000000007FFF0470 00210F (v01 VBOX   VBOXBIOS 00000002 INTL 20100528)
[    0.000000] ACPI: FACS 0x000000007FFF0200 000040
[    0.000000] ACPI: FACS 0x000000007FFF0200 000040
[    0.000000] ACPI: APIC 0x000000007FFF0240 000054 (v02 VBOX   VBOXAPIC 00000001 ASL  00000061)
[    0.000000] ACPI: SSDT 0x000000007FFF02A0 0001CC (v01 VBOX   VBOXCPUT 00000002 INTL 20100528)
[    0.000000] No NUMA configuration found
[    0.000000] Faking a node at [mem 0x0000000000000000-0x000000007ffeffff]
[    0.000000] NODE_DATA(0) allocated [mem 0x7ffeb000-0x7ffeffff]
[    0.000000] kvm-clock: Using msrs 4b564d01 and 4b564d00
[    0.000000] kvm-clock: cpu 0, msr 0:7ffe3001, primary cpu clock
[    0.000000] kvm-clock: using sched offset of 3160211260 cycles
[    0.000000] clocksource: kvm-clock: mask: 0xffffffffffffffff max_cycles: 0x1cd42e4dffb, max_idle_ns: 881590591483 ns
[    0.000000] Zone ranges:
[    0.000000]   DMA      [mem 0x0000000000001000-0x0000000000ffffff]
[    0.000000]   DMA32    [mem 0x0000000001000000-0x000000007ffeffff]
[    0.000000]   Normal   empty
[    0.000000]   Device   empty
[    0.000000] Movable zone start for each node
[    0.000000] Early memory node ranges
[    0.000000]   node   0: [mem 0x0000000000001000-0x000000000009efff]
[    0.000000]   node   0: [mem 0x0000000000100000-0x000000007ffeffff]
[    0.000000] Initmem setup node 0 [mem 0x0000000000001000-0x000000007ffeffff]
[    0.000000] ACPI: PM-Timer IO Port: 0x4008
[    0.000000] IOAPIC[0]: apic_id 1, version 32, address 0xfec00000, GSI 0-23
[    0.000000] ACPI: INT_SRC_OVR (bus 0 bus_irq 0 global_irq 2 dfl dfl)
[    0.000000] ACPI: INT_SRC_OVR (bus 0 bus_irq 9 global_irq 9 high level)
[    0.000000] Using ACPI (MADT) for SMP configuration information
[    0.000000] smpboot: Allowing 1 CPUs, 0 hotplug CPUs
[    0.000000] PM: Registered nosave memory: [mem 0x00000000-0x00000fff]
[    0.000000] PM: Registered nosave memory: [mem 0x0009f000-0x0009ffff]
[    0.000000] PM: Registered nosave memory: [mem 0x000a0000-0x000effff]
[    0.000000] PM: Registered nosave memory: [mem 0x000f0000-0x000fffff]
[    0.000000] e820: [mem 0x80000000-0xfebfffff] available for PCI devices
[    0.000000] Booting paravirtualized kernel on KVM
[    0.000000] clocksource: refined-jiffies: mask: 0xffffffff max_cycles: 0xffffffff, max_idle_ns: 7645519600211568 ns
[    0.000000] setup_percpu: NR_CPUS:512 nr_cpumask_bits:512 nr_cpu_ids:1 nr_node_ids:1
[    0.000000] PERCPU: Embedded 33 pages/cpu @ffff88007fc00000 s98264 r8192 d28712 u2097152
[    0.000000] PV qspinlock hash table entries: 256 (order: 0, 4096 bytes)
[    0.000000] Built 1 zonelists in Node order, mobility grouping on.  Total pages: 515961
[    0.000000] Policy zone: DMA32
[    0.000000] Kernel command line: BOOT_IMAGE=/boot/vmlinuz-4.4.0-64-generic root=LABEL=cloudimg-rootfs ro console=tty1 console=ttyS0
[    0.000000] PID hash table entries: 4096 (order: 3, 32768 bytes)
[    0.000000] Memory: 2034060K/2096696K available (8452K kernel code, 1293K rwdata, 3980K rodata, 1488K init, 1316K bss, 62636K reserved, 0K cma-reserved)
[    0.000000] SLUB: HWalign=64, Order=0-3, MinObjects=0, CPUs=1, Nodes=1
[    0.000000] Hierarchical RCU implementation.
[    0.000000] 	Build-time adjustment of leaf fanout to 64.
[    0.000000] 	RCU restricting CPUs from NR_CPUS=512 to nr_cpu_ids=1.
[    0.000000] RCU: Adjusting geometry for rcu_fanout_leaf=64, nr_cpu_ids=1
[    0.000000] NR_IRQS:33024 nr_irqs:256 16
[    0.000000] Console: colour VGA+ 80x25
[    0.000000] console [tty1] enabled
[    0.000000] console [ttyS0] enabled
[    0.000000] tsc: Detected 2304.000 MHz processor
[    1.732804] Calibrating delay loop (skipped) preset value.. 4608.00 BogoMIPS (lpj=9216000)
[    1.901971] pid_max: default: 32768 minimum: 301
[    1.903005] ACPI: Core revision 20150930
[    1.904758] ACPI: 2 ACPI AML tables successfully acquired and loaded
[    1.906288] Security Framework initialized
[    1.907152] Yama: becoming mindful.
[    1.907944] AppArmor: AppArmor initialized
[    1.911544] Dentry cache hash table entries: 262144 (order: 9, 2097152 bytes)
[    1.913174] Inode-cache hash table entries: 131072 (order: 8, 1048576 bytes)
[    1.914624] Mount-cache hash table entries: 4096 (order: 3, 32768 bytes)
[    1.915966] Mountpoint-cache hash table entries: 4096 (order: 3, 32768 bytes)
[    1.917617] Initializing cgroup subsys io
[    1.926773] Initializing cgroup subsys memory
[    1.927722] Initializing cgroup subsys devices
[    1.928598] Initializing cgroup subsys freezer
[    1.929469] Initializing cgroup subsys net_cls
[    1.932477] Initializing cgroup subsys perf_event
[    1.933494] Initializing cgroup subsys net_prio
[    1.934477] Initializing cgroup subsys hugetlb
[    1.935414] Initializing cgroup subsys pids
[    1.936499] CPU: Physical Processor ID: 0
[    1.938365] mce: CPU supports 0 MCE banks
[    1.939230] process: using mwait in idle threads
[    1.940280] Last level iTLB entries: 4KB 128, 2MB 8, 4MB 8
[    1.941470] Last level dTLB entries: 4KB 64, 2MB 0, 4MB 0, 1GB 4
[    1.957377] Freeing SMP alternatives memory: 32K (ffffffff820b9000 - ffffffff820c1000)
[    1.976727] ftrace: allocating 32123 entries in 126 pages
[    2.019453] smpboot: APIC(0) Converting physical 0 to logical package 0
[    2.124898] smpboot: Max logical packages: 1
[    2.126111] x2apic enabled
[    2.127125] Switched APIC routing to physical x2apic.
[    2.129112] ..TIMER: vector=0x30 apic1=0 pin1=2 apic2=-1 pin2=-1
[    2.235884] smpboot: CPU0: Intel(R) Core(TM) i5-6300HQ CPU @ 2.30GHz (family: 0x6, model: 0x5e, stepping: 0x3)
[    2.244581] Performance Events: unsupported p6 CPU model 94 no PMU driver, software events only.
[    2.246539] KVM setup paravirtual spinlock
[    2.247857] x86: Booted up 1 node, 1 CPUs
[    2.248842] smpboot: Total of 1 processors activated (4608.00 BogoMIPS)
[    2.250297] devtmpfs: initialized
[    2.252291] evm: security.selinux
[    2.253121] evm: security.SMACK64
[    2.253996] evm: security.SMACK64EXEC
[    2.254849] evm: security.SMACK64TRANSMUTE
[    2.255667] evm: security.SMACK64MMAP
[    2.256385] evm: security.ima
[    2.257183] evm: security.capability
[    2.258130] clocksource: jiffies: mask: 0xffffffff max_cycles: 0xffffffff, max_idle_ns: 7645041785100000 ns
[    2.262289] pinctrl core: initialized pinctrl subsystem
[    2.263575] RTC time:  6:56:24, date: 03/02/17
[    2.264643] NET: Registered protocol family 16
[    2.265631] cpuidle: using governor ladder
[    2.266612] cpuidle: using governor menu
[    2.267426] PCCT header not found.
[    2.268309] ACPI: bus type PCI registered
[    2.269114] acpiphp: ACPI Hot Plug PCI Controller Driver version: 0.5
[    2.270573] PCI: Using configuration type 1 for base access
[    2.272881] ACPI: Added _OSI(Module Device)
[    2.274037] ACPI: Added _OSI(Processor Device)
[    2.275099] ACPI: Added _OSI(3.0 _SCP Extensions)
[    2.287877] ACPI: Added _OSI(Processor Aggregator Device)
[    2.305817] ACPI: Executed 1 blocks of module-level executable AML code
[    2.308643] ACPI: Interpreter enabled
[    2.309428] ACPI: (supports S0 S5)
[    2.310090] ACPI: Using IOAPIC for interrupt routing
[    2.341440] PCI: Using host bridge windows from ACPI; if necessary, use "pci=nocrs" and report a bug
[    2.353421] ACPI: PCI Root Bridge [PCI0] (domain 0000 [bus 00-ff])
[    2.354376] acpi PNP0A03:00: _OSC: OS supports [ASPM ClockPM Segments MSI]
[    2.355441] acpi PNP0A03:00: _OSC failed (AE_NOT_FOUND); disabling ASPM
[    2.356518] acpi PNP0A03:00: fail to add MMCONFIG information, can't access extended PCI configuration space under this bridge.
[    2.360201] PCI host bridge to bus 0000:00
[    2.360944] pci_bus 0000:00: root bus resource [io  0x0000-0x0cf7 window]
[    2.362193] pci_bus 0000:00: root bus resource [io  0x0d00-0xffff window]
[    2.369613] pci_bus 0000:00: root bus resource [mem 0x000a0000-0x000bffff window]
[    2.397981] pci_bus 0000:00: root bus resource [mem 0x80000000-0xffdfffff window]
[    2.399328] pci_bus 0000:00: root bus resource [bus 00-ff]
[    2.402023] pci 0000:00:01.1: legacy IDE quirk: reg 0x10: [io  0x01f0-0x01f7]
[    2.455756] pci 0000:00:01.1: legacy IDE quirk: reg 0x14: [io  0x03f6]
[    2.501000] pci 0000:00:01.1: legacy IDE quirk: reg 0x18: [io  0x0170-0x0177]
[    2.504583] pci 0000:00:01.1: legacy IDE quirk: reg 0x1c: [io  0x0376]
[    2.533475] pci 0000:00:07.0: quirk: [io  0x4000-0x403f] claimed by PIIX4 ACPI
[    2.544313] pci 0000:00:07.0: quirk: [io  0x4100-0x410f] claimed by PIIX4 SMB
[    2.557586] ACPI: PCI Interrupt Link [LNKA] (IRQs 5 9 10 *11)
[    2.560561] ACPI: PCI Interrupt Link [LNKB] (IRQs 5 9 10 *11)
[    2.561945] ACPI: PCI Interrupt Link [LNKC] (IRQs 5 9 *10 11)
[    2.563490] ACPI: PCI Interrupt Link [LNKD] (IRQs 5 *9 10 11)
[    2.565262] ACPI: Enabled 2 GPEs in block 00 to 07
[    2.566668] vgaarb: setting as boot device: PCI:0000:00:02.0
[    2.567839] vgaarb: device added: PCI:0000:00:02.0,decodes=io+mem,owns=io+mem,locks=none
[    2.569652] vgaarb: loaded
[    2.570551] vgaarb: bridge control possible 0000:00:02.0
[    2.572038] SCSI subsystem initialized
[    2.575138] ACPI: bus type USB registered
[    2.576080] usbcore: registered new interface driver usbfs
[    2.577354] usbcore: registered new interface driver hub
[    2.578637] usbcore: registered new device driver usb
[    2.580918] PCI: Using ACPI for IRQ routing
[    2.582081] NetLabel: Initializing
[    2.583039] NetLabel:  domain hash size = 128
[    2.584084] NetLabel:  protocols = UNLABELED CIPSOv4
[    2.585198] NetLabel:  unlabeled traffic allowed by default
[    2.586483] amd_nb: Cannot enumerate AMD northbridges
[    2.587724] clocksource: Switched to clocksource kvm-clock
[    2.595090] AppArmor: AppArmor Filesystem Enabled
[    2.656989] pnp: PnP ACPI init
[    2.658449] pnp: PnP ACPI: found 3 devices
[    2.664874] clocksource: acpi_pm: mask: 0xffffff max_cycles: 0xffffff, max_idle_ns: 2085701024 ns
[    2.690717] NET: Registered protocol family 2
[    2.691690] TCP established hash table entries: 16384 (order: 5, 131072 bytes)
[    2.693361] TCP bind hash table entries: 16384 (order: 6, 262144 bytes)
[    2.694800] TCP: Hash tables configured (established 16384 bind 16384)
[    2.704600] UDP hash table entries: 1024 (order: 3, 32768 bytes)
[    2.713828] UDP-Lite hash table entries: 1024 (order: 3, 32768 bytes)
[    2.715249] NET: Registered protocol family 1
[    2.716260] pci 0000:00:00.0: Limiting direct PCI/PCI transfers
[    2.728825] pci 0000:00:01.0: Activating ISA DMA hang workarounds
[    2.729876] Trying to unpack rootfs image as initramfs...
[    4.542696] Freeing initrd memory: 10840K (ffff880036ac4000 - ffff88003755a000)
[    4.563667] platform rtc_cmos: registered platform RTC device (no PNP device found)
[    4.565135] Scanning for low memory corruption every 60 seconds
[    4.566276] futex hash table entries: 256 (order: 2, 16384 bytes)
[    4.567306] audit: initializing netlink subsys (disabled)
[    4.568215] audit: type=2000 audit(1488437789.455:1): initialized
[    4.569447] Initialise system trusted keyring
[    4.570317] HugeTLB registered 2 MB page size, pre-allocated 0 pages
[    4.573458] zbud: loaded
[    4.597198] VFS: Disk quotas dquot_6.6.0
[    4.598027] VFS: Dquot-cache hash table entries: 512 (order 0, 4096 bytes)
[    4.599332] squashfs: version 4.0 (2009/01/31) Phillip Lougher
[    4.602073] fuse init (API version 7.23)
[    4.602863] Key type big_key registered
[    4.603594] Allocating IMA MOK and blacklist keyrings.
[    4.604606] Key type asymmetric registered
[    4.605389] Asymmetric key parser 'x509' registered
[    4.608216] Block layer SCSI generic (bsg) driver version 0.4 loaded (major 249)
[    4.609595] io scheduler noop registered
[    4.612153] io scheduler deadline registered (default)
[    4.613057] io scheduler cfq registered
[    4.613853] pci_hotplug: PCI Hot Plug PCI Core version: 0.5
[    4.614774] pciehp: PCI Express Hot Plug Controller Driver version: 0.4
[    4.650069] ACPI: AC Adapter [AC] (on-line)
[    4.718849] input: Power Button as /devices/LNXSYSTM:00/LNXPWRBN:00/input/input0
[    4.747300] ACPI: Power Button [PWRF]
[    4.771953] input: Sleep Button as /devices/LNXSYSTM:00/LNXSLPBN:00/input/input1
[    4.808977] ACPI: Sleep Button [SLPF]
[    4.810320] ACPI: Battery Slot [BAT0] (battery present)
[    4.811251] GHES: HEST is not enabled!
[    4.812020] Serial: 8250/16550 driver, 32 ports, IRQ sharing enabled
[    4.835215] 00:02: ttyS0 at I/O 0x3f8 (irq = 4, base_baud = 115200) is a 16550A
[    4.875394] Linux agpgart interface v0.103
[    4.883937] brd: module loaded
[    4.893483] loop: module loaded
[    4.894583] scsi host0: ata_piix
[    4.897048] scsi host1: ata_piix
[    4.897829] ata1: PATA max UDMA/33 cmd 0x1f0 ctl 0x3f6 bmdma 0xd000 irq 14
[    4.898898] ata2: PATA max UDMA/33 cmd 0x170 ctl 0x376 bmdma 0xd008 irq 15
[    4.900364] libphy: Fixed MDIO Bus: probed
[    4.906746] tun: Universal TUN/TAP device driver, 1.6
[    4.907620] tun: (C) 1999-2004 Max Krasnyansky <maxk@qualcomm.com>
[    4.908732] PPP generic driver version 2.4.2
[    4.909664] ehci_hcd: USB 2.0 'Enhanced' Host Controller (EHCI) Driver
[    4.911881] ehci-pci: EHCI PCI platform driver
[    4.912697] ehci-platform: EHCI generic platform driver
[    4.915729] ohci_hcd: USB 1.1 'Open' Host Controller (OHCI) Driver
[    4.916918] ohci-pci: OHCI PCI platform driver
[    4.938818] ohci-platform: OHCI generic platform driver
[    4.949981] uhci_hcd: USB Universal Host Controller Interface driver
[    4.973267] i8042: PNP: PS/2 Controller [PNP0303:PS2K,PNP0f03:PS2M] at 0x60,0x64 irq 1,12
[    4.975100] serio: i8042 KBD port at 0x60,0x64 irq 1
[    4.975940] serio: i8042 AUX port at 0x60,0x64 irq 12
[    4.976927] mousedev: PS/2 mouse device common for all mice
[    4.978125] input: AT Translated Set 2 keyboard as /devices/platform/i8042/serio0/input/input2
[    4.979967] rtc_cmos rtc_cmos: rtc core: registered rtc_cmos as rtc0
[    4.981025] rtc_cmos rtc_cmos: alarms up to one day, 114 bytes nvram
[    4.982032] i2c /dev entries driver
[    4.983019] device-mapper: uevent: version 1.0.3
[    4.999726] device-mapper: ioctl: 4.34.0-ioctl (2015-10-28) initialised: dm-devel@redhat.com
[    5.081114] ledtrig-cpu: registered to indicate activity on CPUs
[    5.082345] NET: Registered protocol family 10
[    5.083269] NET: Registered protocol family 17
[    5.084177] Key type dns_resolver registered
[    5.085117] microcode: CPU0 sig=0x506e3, pf=0x2, revision=0x0
[    5.086109] microcode: Microcode Update Driver: v2.01 <tigran@aivazian.fsnet.co.uk>, Peter Oruba
[    5.087723] registered taskstats version 1
[    5.088558] Loading compiled-in X.509 certificates
[    5.090049] Loaded X.509 cert 'Build time autogenerated kernel key: 11f495fa9f4186f263f5fd144a167c99990e2f12'
[    5.102660] zswap: loaded using pool lzo/zbud
[    5.105638] Key type trusted registered
[    5.108249] Key type encrypted registered
[    5.108977] AppArmor: AppArmor sha1 policy hashing enabled
[    5.109962] ima: No TPM chip found, activating TPM-bypass!
[    5.110866] evm: HMAC attrs: 0x1
[    5.111873]   Magic number: 9:654:922
[    5.114606] rtc_cmos rtc_cmos: setting system clock to 2017-03-02 06:56:27 UTC (1488437787)
[    5.117660] BIOS EDD facility v0.16 2004-Jun-25, 0 devices found
[    5.118670] EDD information not available.
[    5.120502] Freeing unused kernel memory: 1488K (ffffffff81f45000 - ffffffff820b9000)
[    5.123242] Write protecting the kernel read-only data: 14336k
[    5.125274] Freeing unused kernel memory: 1776K (ffff880001844000 - ffff880001a00000)
[    5.152125] Freeing unused kernel memory: 116K (ffff880001de3000 - ffff880001e00000)
Loading, please [    5.161863] random: udevadm: uninitialized urandom read (16 bytes read, 3 bits of entropy available)
wait...
starting version 229
[    5.234085] random: systemd-udevd: uninitialized urandom read (16 bytes read, 3 bits of entropy available)
[    5.237638] random: systemd-udevd: uninitialized urandom read (16 bytes read, 3 bits of entropy available)
[    5.246147] random: systemd-udevd: uninitialized urandom read (16 bytes read, 3 bits of entropy available)
[    5.249913] random: systemd-udevd: uninitialized urandom read (16 bytes read, 3 bits of entropy available)
[    5.258196] random: udevadm: uninitialized urandom read (16 bytes read, 3 bits of entropy available)
[    5.294471] random: udevadm: uninitialized urandom read (16 bytes read, 3 bits of entropy available)
[    5.303146] random: udevadm: uninitialized urandom read (16 bytes read, 3 bits of entropy available)
[    5.305079] random: udevadm: uninitialized urandom read (16 bytes read, 3 bits of entropy available)
[    5.306741] random: udevadm: uninitialized urandom read (16 bytes read, 3 bits of entropy available)
[    5.333715] e1000: Intel(R) PRO/1000 Network Driver - version 7.3.21-k8-NAPI
[    5.387207] e1000: Copyright (c) 1999-2006 Intel Corporation.
[    5.398014] Fusion MPT base driver 3.04.20
[    5.468424] Copyright (c) 1999-2008 LSI Corporation
[    5.490721] AVX version of gcm_enc/dec engaged.
[    5.516824] AES CTR mode by8 optimization enabled
[    5.559843] tsc: Refined TSC clocksource calibration: 2304.997 MHz
[    5.624027] clocksource: tsc: mask: 0xffffffffffffffff max_cycles: 0x2139a59619f, max_idle_ns: 440795211934 ns
[    5.642290] Fusion MPT SPI Host driver 3.04.20
[    5.677051] input: ImExPS/2 Generic Explorer Mouse as /devices/platform/i8042/serio1/input/input4
[    6.055324] e1000 0000:00:03.0 eth0: (PCI:33MHz:32-bit) 02:9a:e7:4d:41:74
[    6.179277] e1000 0000:00:03.0 eth0: Intel(R) PRO/1000 Network Connection
[    6.182029] mptbase: ioc0: Initiating bringup
[    6.243998] ioc0: LSI53C1030 A0: Capabilities={Initiator}
[    6.505243] scsi host2: ioc0: LSI53C1030 A0, FwRev=00000000h, Ports=1, MaxQ=256, IRQ=20
[    6.637412] scsi 2:0:0:0: Direct-Access     VBOX     HARDDISK         1.0  PQ: 0 ANSI: 5
[    6.688043] scsi target2:0:0: Beginning Domain Validation
[    6.693798] scsi target2:0:0: Domain Validation skipping write tests
[    6.702286] scsi target2:0:0: Ending Domain Validation
[    6.731876] scsi target2:0:0: asynchronous
[    6.861237] scsi 2:0:1:0: Direct-Access     VBOX     HARDDISK         1.0  PQ: 0 ANSI: 5
[    6.914199] scsi target2:0:1: Beginning Domain Validation
[    7.077605] scsi target2:0:1: Domain Validation skipping write tests
[    7.085646] scsi target2:0:1: Ending Domain Validation
[    7.110009] scsi target2:0:1: asynchronous
[    7.245518] sd 2:0:0:0: Attached scsi generic sg0 type 0
[    7.295555] sd 2:0:0:0: [sda] 20971520 512-byte logical blocks: (10.7 GB/10.0 GiB)
[    7.297432] sd 2:0:0:0: [sda] Write Protect is off
[    7.298472] sd 2:0:0:0: [sda] Incomplete mode parameter data
[    7.299402] sd 2:0:0:0: [sda] Assuming drive cache: write through
[    7.301249] sd 2:0:1:0: [sdb] 20480 512-byte logical blocks: (10.5 MB/10.0 MiB)
[    7.302776] sd 2:0:1:0: [sdb] Write Protect is off
[    7.304408] sd 2:0:1:0: [sdb] Incomplete mode parameter data
[    7.309459] sd 2:0:1:0: [sdb] Assuming drive cache: write through
[    7.316708]  sda: sda1
[    7.318744] sd 2:0:1:0: Attached scsi generic sg1 type 0
[    7.351667] e1000 0000:00:08.0 eth1: (PCI:33MHz:32-bit) 08:00:27:04:00:d2
[    7.407648] e1000 0000:00:08.0 eth1: Intel(R) PRO/1000 Network Connection
[    7.410370] sd 2:0:0:0: [sda] Attached SCSI disk
[    7.415521] sd 2:0:1:0: [sdb] Attached SCSI disk
[    7.434986] e1000 0000:00:08.0 enp0s8: renamed from eth1
[    7.440493] e1000 0000:00:03.0 enp0s3: renamed from eth0
[    8.536441] floppy0: no floppy controllers found
Begin: Loading e[    9.860281] md: linear personality registered for level -1
ssential drivers ... [    9.882474] md: multipath personality registered for level -4
[    9.885525] md: raid0 personality registered for level 0
[    9.894358] md: raid1 personality registered for level 1
[   10.055805] raid6: sse2x1   gen()  7691 MB/s
[   10.139935] raid6: sse2x1   xor()  4818 MB/s
[   10.219984] raid6: sse2x2   gen()  7933 MB/s
[   10.315797] raid6: sse2x2   xor()  5689 MB/s
[   10.384082] raid6: sse2x4   gen() 10517 MB/s
[   10.552324] raid6: sse2x4   xor()  7035 MB/s
[   10.652451] raid6: using algorithm sse2x4 gen() 10517 MB/s
[   10.686047] raid6: .... xor() 7035 MB/s, rmw enabled
[   10.686877] raid6: using ssse3x2 recovery algorithm
[   10.697029] xor: automatically using best checksumming function:
[   10.735804]    avx       : 17069.000 MB/sec
[   10.778903] async_tx: api initialized (async)
[   10.798502] md: raid6 personality registered for level 6
[   10.921082] md: raid5 personality registered for level 5
[   10.955330] md: raid4 personality registered for level 4
[   10.960201] md: raid10 personality registered for level 10
done.
Begin: Running /scripts/init-premount ... done.
Begin: Mounting root file system ... Begin: Running /scripts/local-top ... done.
Begin: Running /scripts/local-premount ... [   11.008912] Btrfs loaded
Scanning for Btrfs filesystems
done.
Warning: fsck [   11.094494] EXT4-fs (sda1): mounted filesystem with ordered data mode. Opts: (null)
not present, so skipping root file system
done.
Begin: Running /scripts/local-bottom ... done.
Begin: Running /scripts/init-bottom ... done.
[   11.228484] systemd[1]: systemd 229 running in system mode. (+PAM +AUDIT +SELINUX +IMA +APPARMOR +SMACK +SYSVINIT +UTMP +LIBCRYPTSETUP +GCRYPT +GNUTLS +ACL +XZ -LZ4 +SECCOMP +BLKID +ELFUTILS +KMOD -IDN)
[   11.333233] systemd[1]: Detected virtualization oracle.
[   11.371236] systemd[1]: Detected architecture x86-64.

Welcome to [1mUbuntu 16.04.2 LTS[0m!

[   11.393257] systemd[1]: Set hostname to <ubuntu>.
[   11.405575] systemd[1]: Initializing machine ID from random generator.
[   11.406713] systemd[1]: Installed transient /etc/machine-id file.
[   11.486078] systemd[1]: Listening on udev Control Socket.
[[0;32m  OK  [0m] Listening on udev Control Socket.
[   11.576445] systemd[1]: Reached target Encrypted Volumes.
[[0;32m  OK  [0m] Reached target Encrypted Volumes.
[   11.632036] systemd[1]: Listening on LVM2 metadata daemon socket.
[[0;32m  OK  [0m] Listening on LVM2 metadata daemon socket.
[   11.696172] systemd[1]: Created slice System Slice.
[[0;32m  OK  [0m] Created slice System Slice.
[   11.699103] systemd[1]: Listening on Device-mapper event daemon FIFOs.
[[0;32m  OK  [0m] Listening on Device-mapper event daemon FIFOs.
[   11.721877] systemd[1]: Started Forward Password Requests to Wall Directory Watch.
[[0;32m  OK  [0m] Started Forward Password Requests to Wall Directory Watch.
[   11.747887] systemd[1]: Listening on Journal Socket.
[[0;32m  OK  [0m] Listening on Journal Socket.
[   11.822464] systemd[1]: Starting Nameserver information manager...
         Starting Nameserver information manager...
[   11.833085] systemd[1]: Mounting POSIX Message Queue File System...
         Mounting POSIX Message Queue File System...
[   11.837107] systemd[1]: Starting Load Kernel Modules...
         Starting Load Kernel Modules...
[   11.842908] systemd[1]: Listening on Journal Audit Socket.
[[0;32m  OK  [0m] Listening on Journal Audit Socket.
[   11.848184] Loading iSCSI transport class v2.0-870.
[   11.849398] systemd[1]: Listening on Syslog Socket.
[[0;32m  OK  [0m] Listening on Syslog Socket.
[   11.851915] systemd[1]: Mounting Huge Pages File System...
         [   11.861074] iscsi: registered transport (tcp)
Mounting Huge Pages File System...
[   11.867472] systemd[1]: Starting Remount Root and Kernel File Systems...
         [   11.871373] EXT4-fs (sda1): re-mounted. Opts: (null)
Starting Remount Root and Kernel File Systems...
[   11.911999] systemd[1]: Reached target Swap.
[[0;32m  OK  [0m] Reached target Swap.
[   11.914390] systemd[1]: Starting Uncomplicated firewall...
         Starting Uncomplicated firewall...
[   11.951350] systemd[1]: Reached target User and Group Name Lookups.
[[0;32m  OK  [0m] Reached targe[   11.968340] iscsi: registered transport (iser)
t User and Group Name Lookups.
[   12.018683] systemd[1]: Starting Monitoring of LVM2 mirrors, snapshots etc. using dmeventd or progress polling...
         Starting Monitoring of LVM2 mirrors... dmeventd or progress polling...
[   12.036077] systemd[1]: Created slice system-serial\x2dgetty.slice.
[[0;32m  OK  [0m] Created slice system-serial\x2dgetty.slice.
[   12.040318] systemd[1]: Listening on LVM2 poll daemon socket.
[[0;32m  OK  [0m] Listening on LVM2 poll daemon socket.
[   12.042489] systemd[1]: Listening on Journal Socket (/dev/log).
[[0;32m  OK  [0m] Listening on Journal Socket (/dev/log).
[   12.044982] systemd[1]: Starting Journal Service...
         Starting Journal Service...
[   12.046904] systemd[1]: Created slice User and Session Slice.
[[0;32m  OK  [0m] Created slice User and Session Slice.
[   12.056245] systemd[1]: Listening on udev Kernel Socket.
[[0;32m  OK  [0m] Listening on udev Kernel Socket.
[   12.058550] systemd[1]: Set up automount Arbitrary Executable File Formats File System Automount Point.
[[0;32m  OK  [0m] Set up automount Arbitrary Executab...ats File System Automount Point.
[   12.081953] systemd[1]: Starting Create list of required static device nodes for the current kernel...
         Starting Create list of required st... nodes for the current kernel...
[   12.214883] systemd[1]: Reached target Slices.
[[0;32m  OK  [0m] Reached target Slices.
[   12.217108] systemd[1]: Listening on /dev/initctl Compatibility Named Pipe.
[[0;32m  OK  [0m] Listening on /dev/initctl Compatibility Named Pipe.
[   12.231613] systemd[1]: Mounting Debug File System...
         Mounting Debug File System...
[   12.233862] systemd[1]: Starting Set console keymap...
         [   12.235070] random: nonblocking pool is initialized
Starting Set console keymap...
[   12.245356] systemd[1]: Mounted Huge Pages File System.
[[0;32m  OK  [0m] Mounted Huge Pages File System.
[   12.307924] systemd[1]: Mounted POSIX Message Queue File System.
[[0;32m  OK  [0m] Mounted POSIX Message Queue File System.
[   12.421243] systemd[1]: Mounted Debug File System.
[[0;32m  OK  [0m] Mounted Debug File System.
[   12.476687] systemd[1]: Started Journal Service.
[[0;32m  OK  [0m] Started Journal Service.
[[0;32m  OK  [0m] Started Load Kernel Modules.
[[0;32m  OK  [0m] Started Remount Root and Kernel File Systems.
[[0;32m  OK  [0m] Started Uncomplicated firewall.
[[0;32m  OK  [0m] Started Create list of required sta...ce nodes for the current kernel.
[[0;32m  OK  [0m] Started Set console keymap.
[[0;32m  OK  [0m] Started Nameserver information manager.
[[0;32m  OK  [0m] Started LVM2 metadata daemon.
         Starting Create Static Device Nodes in /dev...
         Starting Initial cloud-init job (pre-networking)...
         Starting udev Coldplug all Devices...
         Starting Load/Save Random Seed...
         Starting Apply Kernel Variables...
         Mounting FUSE Control File System...
         Starting Flush Journal to Persistent Storage...
[[0;32m  OK  [0m] Mounted FUSE Control File System.
[[0;32m  OK  [0m] Started Create Static Device Nodes in /dev.
[[0;32m  OK  [0m] Started Load/Save Random Seed.
[[0;32m  OK  [0m] Started Apply Kernel Variables.
[[0;32m  OK  [0m] Started Monitoring of LVM2 mirrors,...ng dmeventd or progress polling.
[[0;32m  OK  [0m] Started udev Coldplug all Devices.
[[0;32m  OK  [0m] Started Flush Journal to Persistent Storage.
         Starting udev Kernel Device Manager...
[[0;32m  OK  [0m] Started udev Kernel Device Manager.
[[0;32m  OK  [0m] Started Dispatch Password Requests to Console Directory Watch.
[[0;32m  OK  [0m] Reached target Local File Systems (Pre).
[[0;32m  OK  [0m] Reached target Local File Systems.
         Starting Commit a transient machine-id on disk...
         Starting Tell Plymouth To Write Out Runtime Data...
         Starting Create Volatile Files and Directories...
         Starting Set console font and keymap...
         Starting LSB: AppArmor initialization...
[[0;32m  OK  [0m] Started Commit a transient machine-id on disk.
[[0;32m  OK  [0m] Started Tell Plymouth To Write Out Runtime Data.
[[0;32m  OK  [0m] Started Create Volatile Files and Directories.
[[0;32m  OK  [0m] Reached target System Time Synchronized.
         Starting Update UTMP about System Boot/Shutdown...
[[0;32m  OK  [0m] Started Update UTMP about System Boot/Shutdown.
[[0;32m  OK  [0m] Found device /dev/ttyS0.
[[0;32m  OK  [0m] Started Set console font and keymap.
[[0;32m  OK  [0m] Created slice system-getty.slice.
[   12.138971] cloud-init[480]: Cloud-init v. 0.7.9 running 'init-local' at Thu, 02 Mar 2017 06:56:36 +0000. Up 11.36 seconds.
[[0;32m  OK  [0m] Started Initial cloud-init job (pre-networking).
[[0;32m  OK  [0m] Reached target Network (Pre).
[[0;32m  OK  [0m] Listening on Load/Save RF Kill Switch Status /dev/rfkill Watch.
[[0;32m  OK  [0m] Started LSB: AppArmor initialization.
         Starting Raise network interfaces...
[[0;32m  OK  [0m] Started Raise network interfaces.
[[0;32m  OK  [0m] Reached target Network.
         Starting Initial cloud-init job (metadata service crawler)...
[   14.893981] cloud-init[1068]: Cloud-init v. 0.7.9 running 'init' at Thu, 02 Mar 2017 06:56:39 +0000. Up 14.50 seconds.
[   14.987407] cloud-init[1068]: ci-info: ++++++++++++++++++++++++++++++++++++++Net device info++++++++++++++++++++++++++++++++++++++
[[0;32m  OK  [0m[   15.096300] cloud-init[1068]: ci-info: +--------+-------+----------------------------+---------------+-------+-------------------+
[   15.096361] cloud-init[1068]: ci-info: | Device |   Up  |          Address           |      Mask     | Scope |     Hw-Address    |
[   15.096414] cloud-init[1068]: ci-info: +--------+-------+----------------------------+---------------+-------+-------------------+
[   15.096464] cloud-init[1068]: ci-info: | enp0s3 |  True |         10.0.2.15          | 255.255.255.0 |   .   | 02:9a:e7:4d:41:74 |
[   15.096514] cloud-init[1068]: ci-info: | enp0s3 |  T